<!DOCTYPE html PUBLIC "-//W3C//DTD XHTML 1.1//EN" "http://www.w3.org/TR/xhtml11/DTD/xhtml11.dtd">
<html xmlns="http://www.w3.org/1999/xhtml">
<head>
<meta http-equiv="content-type" content="text/html; charset=UTF-8"/>
<title>TestNG Report</title>
<style type="text/css">table {margin-bottom:10px;border-collapse:collapse;empty-cells:show}th,td {border:1px solid #009;padding:.25em .5em}th {vertical-align:bottom}td {vertical-align:top}table a {font-weight:bold}.stripe td {background-color: #E6EBF9}.num {text-align:right}.passedodd td {background-color: #3F3}.passedeven td {background-color: #0A0}.skippedodd td {background-color: #DDD}.skippedeven td {background-color: #CCC}.failedodd td,.attn {background-color: #F33}.failedeven td,.stripe .attn {background-color: #D00}.stacktrace {white-space:pre;font-family:monospace}.totop {font-size:85%;text-align:center;border-bottom:2px solid #000}.invisible {display:none}</style>
</head>
<body>
<table>
<tr><th>Test</th><th># Passed</th><th># Skipped</th><th># Failed</th><th>Time (ms)</th><th>Included Groups</th><th>Excluded Groups</th></tr>
<tr><th colspan="7">Sauce Labs Automation Test Suite</th></tr>
<tr><td><a href="#t0">Sauce Test Cases</a></td><td class="num">6</td><td class="num">0</td><td class="num attn">4</td><td class="num">68,826</td><td></td><td></td></tr>
</table>
<table id='summary'><thead><tr><th>Class</th><th>Method</th><th>Start</th><th>Time (ms)</th></tr></thead><tbody><tr><th colspan="4">Sauce Labs Automation Test Suite</th></tr></tbody><tbody id="t0"><tr><th colspan="4">Sauce Test Cases &#8212; failed</th></tr><tr class="failedeven"><td rowspan="1">ca.aeq.automation.sauce.test.HomePageTest</td><td><a href="#m0">verifyInventoryItemImages</a></td><td rowspan="1">1555990719655</td><td rowspan="1">893</td></tr><tr class="failedodd"><td rowspan="3">ca.aeq.automation.sauce.test.LoginPageTest</td><td><a href="#m1">validateTestData</a></td><td rowspan="3">1555990680031</td><td rowspan="3">493</td></tr><tr class="failedodd"><td><a href="#m2">validateTestData</a></td></tr><tr class="failedodd"><td><a href="#m3">validateTestData</a></td></tr><tr><th colspan="4">Sauce Test Cases &#8212; passed</th></tr><tr class="passedeven"><td rowspan="1">ca.aeq.automation.sauce.test.HomePageTest</td><td><a href="#m4">verifyHomePageTitleTest</a></td><td rowspan="1">1555990714179</td><td rowspan="1">18</td></tr><tr class="passedodd"><td rowspan="5">ca.aeq.automation.sauce.test.LoginPageTest</td><td><a href="#m5">botColumnLogoImgTest</a></td><td rowspan="1">1555990658871</td><td rowspan="1">93</td></tr><tr class="passedodd"><td><a href="#m6">isFieldsDisplayed</a></td><td rowspan="1">1555990664160</td><td rowspan="1">142</td></tr><tr class="passedodd"><td><a href="#m7">loginPageTest</a></td><td rowspan="1">1555990669249</td><td rowspan="1">17</td></tr><tr class="passedodd"><td><a href="#m8">swagLogoImgTest</a></td><td rowspan="1">1555990674242</td><td rowspan="1">80</td></tr><tr class="passedodd"><td><a href="#m9">validateTestData</a></td><td rowspan="1">1555990685548</td><td rowspan="1">11437</td></tr></tbody>
</table>
<h2>Sauce Test Cases</h2><h3 id="m0">ca.aeq.automation.sauce.test.HomePageTest#verifyInventoryItemImages</h3><table class="result"><tr><th>Exception</th></tr><tr><td><div class="stacktrace">java.lang.AssertionError: Inventory Item Iamges are not displayed expected [true] but found [false]
	at ca.aeq.automation.sauce.test.HomePageTest.verifyInventoryItemImages(HomePageTest.java:45)
... Removed 28 stack frames</div></td></tr></table><p class="totop"><a href="#summary">back to summary</a></p>
<h3 id="m1">ca.aeq.automation.sauce.test.LoginPageTest#validateTestData</h3><table class="result"><tr class="param"><th>Parameter #1</th><th>Parameter #2</th></tr><tr class="param stripe"><td>locked_out_user</td><td>secret_sauce</td></tr><tr><th colspan="2">Exception</th></tr><tr><td colspan="2"><div class="stacktrace">java.lang.AssertionError: Error while logging with userName locked_out_user and password secret_sauce expected [false] but found [true]
	at ca.aeq.automation.sauce.test.LoginPageTest.validateTestData(LoginPageTest.java:73)
... Removed 28 stack frames</div></td></tr></table><p class="totop"><a href="#summary">back to summary</a></p>
<h3 id="m2">ca.aeq.automation.sauce.test.LoginPageTest#validateTestData</h3><table class="result"><tr class="param"><th>Parameter #1</th><th>Parameter #2</th></tr><tr class="param stripe"><td></td><td></td></tr><tr><th colspan="2">Exception</th></tr><tr><td colspan="2"><div class="stacktrace">java.lang.AssertionError: Error while logging with userName  and password  expected [false] but found [true]
	at ca.aeq.automation.sauce.test.LoginPageTest.validateTestData(LoginPageTest.java:73)
... Removed 28 stack frames</div></td></tr></table><p class="totop"><a href="#summary">back to summary</a></p>
<h3 id="m3">ca.aeq.automation.sauce.test.LoginPageTest#validateTestData</h3><table class="result"><tr class="param"><th>Parameter #1</th><th>Parameter #2</th></tr><tr class="param stripe"><td>invalid</td><td>invalid</td></tr><tr><th colspan="2">Exception</th></tr><tr><td colspan="2"><div class="stacktrace">java.lang.AssertionError: Error while logging with userName invalid and password invalid expected [false] but found [true]
	at ca.aeq.automation.sauce.test.LoginPageTest.validateTestData(LoginPageTest.java:73)
... Removed 28 stack frames</div></td></tr></table><p class="totop"><a href="#summary">back to summary</a></p>
<h3 id="m4">ca.aeq.automation.sauce.test.HomePageTest#verifyHomePageTitleTest</h3><table class="result"><tr><th class="invisible"/></tr></table><p class="totop"><a href="#summary">back to summary</a></p>
<h3 id="m5">ca.aeq.automation.sauce.test.LoginPageTest#botColumnLogoImgTest</h3><table class="result"><tr><th class="invisible"/></tr></table><p class="totop"><a href="#summary">back to summary</a></p>
<h3 id="m6">ca.aeq.automation.sauce.test.LoginPageTest#isFieldsDisplayed</h3><table class="result"><tr><th class="invisible"/></tr></table><p class="totop"><a href="#summary">back to summary</a></p>
<h3 id="m7">ca.aeq.automation.sauce.test.LoginPageTest#loginPageTest</h3><table class="result"><tr><th class="invisible"/></tr></table><p class="totop"><a href="#summary">back to summary</a></p>
<h3 id="m8">ca.aeq.automation.sauce.test.LoginPageTest#swagLogoImgTest</h3><table class="result"><tr><th class="invisible"/></tr></table><p class="totop"><a href="#summary">back to summary</a></p>
<h3 id="m9">ca.aeq.automation.sauce.test.LoginPageTest#validateTestData</h3><table class="result"><tr class="param"><th>Parameter #1</th><th>Parameter #2</th></tr><tr class="param stripe"><td>standard_user</td><td>secret_sauce</td></tr></table><p class="totop"><a href="#summary">back to summary</a></p>
</body>
</html>
