<?xml version="1.0" encoding="UTF-8"?>
<testng-results skipped="0" failed="4" ignored="0" total="10" passed="6">
  <reporter-output>
  </reporter-output>
  <suite name="Sauce Labs Automation Test Suite" duration-ms="68826" started-at="2019-04-23T03:37:32Z" finished-at="2019-04-23T03:38:41Z">
    <groups>
    </groups>
    <test name="Sauce Test Cases" duration-ms="68826" started-at="2019-04-23T03:37:32Z" finished-at="2019-04-23T03:38:41Z">
      <class name="ca.aeq.automation.sauce.test.HomePageTest">
        <test-method status="PASS" signature="setUp(java.lang.String)[pri:0, instance:ca.aeq.automation.sauce.test.HomePageTest@42dafa95]" name="setUp" is-config="true" duration-ms="5318" started-at="2019-04-23T03:38:28Z" finished-at="2019-04-23T03:38:34Z">
          <params>
            <param index="0">
              <value>
                <![CDATA[chrome]]>
              </value>
            </param>
          </params>
          <reporter-output>
          </reporter-output>
        </test-method> <!-- setUp -->
        <test-method status="PASS" signature="verifyHomePageTitleTest()[pri:0, instance:ca.aeq.automation.sauce.test.HomePageTest@42dafa95]" name="verifyHomePageTitleTest" duration-ms="18" started-at="2019-04-23T03:38:34Z" finished-at="2019-04-23T03:38:34Z">
          <reporter-output>
          </reporter-output>
        </test-method> <!-- verifyHomePageTitleTest -->
        <test-method status="PASS" signature="tearDown()[pri:0, instance:ca.aeq.automation.sauce.test.HomePageTest@42dafa95]" name="tearDown" is-config="true" duration-ms="797" started-at="2019-04-23T03:38:34Z" finished-at="2019-04-23T03:38:34Z">
          <reporter-output>
          </reporter-output>
        </test-method> <!-- tearDown -->
        <test-method status="PASS" signature="setUp(java.lang.String)[pri:0, instance:ca.aeq.automation.sauce.test.HomePageTest@42dafa95]" name="setUp" is-config="true" duration-ms="4659" started-at="2019-04-23T03:38:34Z" finished-at="2019-04-23T03:38:39Z">
          <params>
            <param index="0">
              <value>
                <![CDATA[chrome]]>
              </value>
            </param>
          </params>
          <reporter-output>
          </reporter-output>
        </test-method> <!-- setUp -->
        <test-method status="FAIL" signature="verifyInventoryItemImages()[pri:0, instance:ca.aeq.automation.sauce.test.HomePageTest@42dafa95]" name="verifyInventoryItemImages" duration-ms="893" started-at="2019-04-23T03:38:39Z" finished-at="2019-04-23T03:38:40Z">
          <exception class="java.lang.AssertionError">
            <message>
              <![CDATA[Inventory Item Iamges are not displayed expected [true] but found [false]]]>
            </message>
            <full-stacktrace>
              <![CDATA[java.lang.AssertionError: Inventory Item Iamges are not displayed expected [true] but found [false]
at org.testng.Assert.fail(Assert.java:96)
at org.testng.Assert.failNotEquals(Assert.java:776)
at org.testng.Assert.assertTrue(Assert.java:44)
at ca.aeq.automation.sauce.test.HomePageTest.verifyInventoryItemImages(HomePageTest.java:45)
at sun.reflect.NativeMethodAccessorImpl.invoke0(Native Method)
at sun.reflect.NativeMethodAccessorImpl.invoke(Unknown Source)
at sun.reflect.DelegatingMethodAccessorImpl.invoke(Unknown Source)
at java.lang.reflect.Method.invoke(Unknown Source)
at org.testng.internal.MethodInvocationHelper.invokeMethod(MethodInvocationHelper.java:124)
at org.testng.internal.Invoker.invokeMethod(Invoker.java:580)
at org.testng.internal.Invoker.invokeTestMethod(Invoker.java:716)
at org.testng.internal.Invoker.invokeTestMethods(Invoker.java:988)
at org.testng.internal.TestMethodWorker.invokeTestMethods(TestMethodWorker.java:125)
at org.testng.internal.TestMethodWorker.run(TestMethodWorker.java:109)
at org.testng.TestRunner.privateRun(TestRunner.java:648)
at org.testng.TestRunner.run(TestRunner.java:505)
at org.testng.SuiteRunner.runTest(SuiteRunner.java:455)
at org.testng.SuiteRunner.runSequentially(SuiteRunner.java:450)
at org.testng.SuiteRunner.privateRun(SuiteRunner.java:415)
at org.testng.SuiteRunner.run(SuiteRunner.java:364)
at org.testng.SuiteRunnerWorker.runSuite(SuiteRunnerWorker.java:52)
at org.testng.SuiteRunnerWorker.run(SuiteRunnerWorker.java:84)
at org.testng.TestNG.runSuitesSequentially(TestNG.java:1208)
at org.testng.TestNG.runSuitesLocally(TestNG.java:1137)
at org.testng.TestNG.runSuites(TestNG.java:1049)
at org.testng.TestNG.run(TestNG.java:1017)
at org.testng.remote.AbstractRemoteTestNG.run(AbstractRemoteTestNG.java:114)
at org.testng.remote.RemoteTestNG.initAndRun(RemoteTestNG.java:251)
at org.testng.remote.RemoteTestNG.main(RemoteTestNG.java:77)
]]>
            </full-stacktrace>
          </exception> <!-- java.lang.AssertionError -->
          <reporter-output>
          </reporter-output>
        </test-method> <!-- verifyInventoryItemImages -->
        <test-method status="PASS" signature="tearDown()[pri:0, instance:ca.aeq.automation.sauce.test.HomePageTest@42dafa95]" name="tearDown" is-config="true" duration-ms="787" started-at="2019-04-23T03:38:40Z" finished-at="2019-04-23T03:38:41Z">
          <reporter-output>
          </reporter-output>
        </test-method> <!-- tearDown -->
      </class> <!-- ca.aeq.automation.sauce.test.HomePageTest -->
      <class name="ca.aeq.automation.sauce.test.LoginPageTest">
        <test-method status="PASS" signature="setUp(java.lang.String)[pri:0, instance:ca.aeq.automation.sauce.test.LoginPageTest@589838eb]" name="setUp" is-config="true" duration-ms="5985" started-at="2019-04-23T03:37:32Z" finished-at="2019-04-23T03:37:38Z">
          <params>
            <param index="0">
              <value>
                <![CDATA[chrome]]>
              </value>
            </param>
          </params>
          <reporter-output>
          </reporter-output>
        </test-method> <!-- setUp -->
        <test-method status="PASS" signature="botColumnLogoImgTest()[pri:0, instance:ca.aeq.automation.sauce.test.LoginPageTest@589838eb]" name="botColumnLogoImgTest" duration-ms="93" started-at="2019-04-23T03:37:38Z" finished-at="2019-04-23T03:37:38Z">
          <reporter-output>
          </reporter-output>
        </test-method> <!-- botColumnLogoImgTest -->
        <test-method status="PASS" signature="tearDown()[pri:0, instance:ca.aeq.automation.sauce.test.LoginPageTest@589838eb]" name="tearDown" is-config="true" duration-ms="841" started-at="2019-04-23T03:37:38Z" finished-at="2019-04-23T03:37:39Z">
          <reporter-output>
          </reporter-output>
        </test-method> <!-- tearDown -->
        <test-method status="PASS" signature="setUp(java.lang.String)[pri:0, instance:ca.aeq.automation.sauce.test.LoginPageTest@589838eb]" name="setUp" is-config="true" duration-ms="4348" started-at="2019-04-23T03:37:39Z" finished-at="2019-04-23T03:37:44Z">
          <params>
            <param index="0">
              <value>
                <![CDATA[chrome]]>
              </value>
            </param>
          </params>
          <reporter-output>
          </reporter-output>
        </test-method> <!-- setUp -->
        <test-method status="PASS" signature="isFieldsDisplayed()[pri:0, instance:ca.aeq.automation.sauce.test.LoginPageTest@589838eb]" name="isFieldsDisplayed" duration-ms="142" started-at="2019-04-23T03:37:44Z" finished-at="2019-04-23T03:37:44Z">
          <reporter-output>
          </reporter-output>
        </test-method> <!-- isFieldsDisplayed -->
        <test-method status="PASS" signature="tearDown()[pri:0, instance:ca.aeq.automation.sauce.test.LoginPageTest@589838eb]" name="tearDown" is-config="true" duration-ms="782" started-at="2019-04-23T03:37:44Z" finished-at="2019-04-23T03:37:45Z">
          <reporter-output>
          </reporter-output>
        </test-method> <!-- tearDown -->
        <test-method status="PASS" signature="setUp(java.lang.String)[pri:0, instance:ca.aeq.automation.sauce.test.LoginPageTest@589838eb]" name="setUp" is-config="true" duration-ms="4162" started-at="2019-04-23T03:37:45Z" finished-at="2019-04-23T03:37:49Z">
          <params>
            <param index="0">
              <value>
                <![CDATA[chrome]]>
              </value>
            </param>
          </params>
          <reporter-output>
          </reporter-output>
        </test-method> <!-- setUp -->
        <test-method status="PASS" signature="loginPageTest()[pri:0, instance:ca.aeq.automation.sauce.test.LoginPageTest@589838eb]" name="loginPageTest" duration-ms="17" started-at="2019-04-23T03:37:49Z" finished-at="2019-04-23T03:37:49Z">
          <reporter-output>
          </reporter-output>
        </test-method> <!-- loginPageTest -->
        <test-method status="PASS" signature="tearDown()[pri:0, instance:ca.aeq.automation.sauce.test.LoginPageTest@589838eb]" name="tearDown" is-config="true" duration-ms="732" started-at="2019-04-23T03:37:49Z" finished-at="2019-04-23T03:37:50Z">
          <reporter-output>
          </reporter-output>
        </test-method> <!-- tearDown -->
        <test-method status="PASS" signature="setUp(java.lang.String)[pri:0, instance:ca.aeq.automation.sauce.test.LoginPageTest@589838eb]" name="setUp" is-config="true" duration-ms="4242" started-at="2019-04-23T03:37:50Z" finished-at="2019-04-23T03:37:54Z">
          <params>
            <param index="0">
              <value>
                <![CDATA[chrome]]>
              </value>
            </param>
          </params>
          <reporter-output>
          </reporter-output>
        </test-method> <!-- setUp -->
        <test-method status="PASS" signature="swagLogoImgTest()[pri:0, instance:ca.aeq.automation.sauce.test.LoginPageTest@589838eb]" name="swagLogoImgTest" duration-ms="80" started-at="2019-04-23T03:37:54Z" finished-at="2019-04-23T03:37:54Z">
          <reporter-output>
          </reporter-output>
        </test-method> <!-- swagLogoImgTest -->
        <test-method status="PASS" signature="tearDown()[pri:0, instance:ca.aeq.automation.sauce.test.LoginPageTest@589838eb]" name="tearDown" is-config="true" duration-ms="659" started-at="2019-04-23T03:37:54Z" finished-at="2019-04-23T03:37:54Z">
          <reporter-output>
          </reporter-output>
        </test-method> <!-- tearDown -->
        <test-method status="PASS" signature="setUp(java.lang.String)[pri:0, instance:ca.aeq.automation.sauce.test.LoginPageTest@589838eb]" name="setUp" is-config="true" duration-ms="4191" started-at="2019-04-23T03:37:55Z" finished-at="2019-04-23T03:38:00Z">
          <params>
            <param index="0">
              <value>
                <![CDATA[chrome]]>
              </value>
            </param>
          </params>
          <reporter-output>
          </reporter-output>
        </test-method> <!-- setUp -->
        <test-method status="FAIL" signature="validateTestData(java.lang.String, java.lang.String)[pri:0, instance:ca.aeq.automation.sauce.test.LoginPageTest@589838eb]" name="validateTestData" duration-ms="493" started-at="2019-04-23T03:38:00Z" data-provider="getLoginTestData" finished-at="2019-04-23T03:38:00Z">
          <params>
            <param index="0">
              <value>
                <![CDATA[locked_out_user]]>
              </value>
            </param>
            <param index="1">
              <value>
                <![CDATA[secret_sauce]]>
              </value>
            </param>
          </params>
          <exception class="java.lang.AssertionError">
            <message>
              <![CDATA[Error while logging with userName locked_out_user and password secret_sauce expected [false] but found [true]]]>
            </message>
            <full-stacktrace>
              <![CDATA[java.lang.AssertionError: Error while logging with userName locked_out_user and password secret_sauce expected [false] but found [true]
at org.testng.Assert.fail(Assert.java:96)
at org.testng.Assert.failNotEquals(Assert.java:776)
at org.testng.Assert.assertFalse(Assert.java:65)
at ca.aeq.automation.sauce.test.LoginPageTest.validateTestData(LoginPageTest.java:73)
at sun.reflect.NativeMethodAccessorImpl.invoke0(Native Method)
at sun.reflect.NativeMethodAccessorImpl.invoke(Unknown Source)
at sun.reflect.DelegatingMethodAccessorImpl.invoke(Unknown Source)
at java.lang.reflect.Method.invoke(Unknown Source)
at org.testng.internal.MethodInvocationHelper.invokeMethod(MethodInvocationHelper.java:124)
at org.testng.internal.Invoker.invokeMethod(Invoker.java:580)
at org.testng.internal.Invoker.invokeTestMethod(Invoker.java:716)
at org.testng.internal.Invoker.invokeTestMethods(Invoker.java:988)
at org.testng.internal.TestMethodWorker.invokeTestMethods(TestMethodWorker.java:125)
at org.testng.internal.TestMethodWorker.run(TestMethodWorker.java:109)
at org.testng.TestRunner.privateRun(TestRunner.java:648)
at org.testng.TestRunner.run(TestRunner.java:505)
at org.testng.SuiteRunner.runTest(SuiteRunner.java:455)
at org.testng.SuiteRunner.runSequentially(SuiteRunner.java:450)
at org.testng.SuiteRunner.privateRun(SuiteRunner.java:415)
at org.testng.SuiteRunner.run(SuiteRunner.java:364)
at org.testng.SuiteRunnerWorker.runSuite(SuiteRunnerWorker.java:52)
at org.testng.SuiteRunnerWorker.run(SuiteRunnerWorker.java:84)
at org.testng.TestNG.runSuitesSequentially(TestNG.java:1208)
at org.testng.TestNG.runSuitesLocally(TestNG.java:1137)
at org.testng.TestNG.runSuites(TestNG.java:1049)
at org.testng.TestNG.run(TestNG.java:1017)
at org.testng.remote.AbstractRemoteTestNG.run(AbstractRemoteTestNG.java:114)
at org.testng.remote.RemoteTestNG.initAndRun(RemoteTestNG.java:251)
at org.testng.remote.RemoteTestNG.main(RemoteTestNG.java:77)
]]>
            </full-stacktrace>
          </exception> <!-- java.lang.AssertionError -->
          <reporter-output>
          </reporter-output>
        </test-method> <!-- validateTestData -->
        <test-method status="PASS" signature="tearDown()[pri:0, instance:ca.aeq.automation.sauce.test.LoginPageTest@589838eb]" name="tearDown" is-config="true" duration-ms="664" started-at="2019-04-23T03:38:00Z" finished-at="2019-04-23T03:38:01Z">
          <reporter-output>
          </reporter-output>
        </test-method> <!-- tearDown -->
        <test-method status="PASS" signature="setUp(java.lang.String)[pri:0, instance:ca.aeq.automation.sauce.test.LoginPageTest@589838eb]" name="setUp" is-config="true" duration-ms="4020" started-at="2019-04-23T03:38:01Z" finished-at="2019-04-23T03:38:05Z">
          <params>
            <param index="0">
              <value>
                <![CDATA[chrome]]>
              </value>
            </param>
          </params>
          <reporter-output>
          </reporter-output>
        </test-method> <!-- setUp -->
        <test-method status="PASS" signature="validateTestData(java.lang.String, java.lang.String)[pri:0, instance:ca.aeq.automation.sauce.test.LoginPageTest@589838eb]" name="validateTestData" duration-ms="11437" started-at="2019-04-23T03:38:05Z" data-provider="getLoginTestData" finished-at="2019-04-23T03:38:16Z">
          <params>
            <param index="0">
              <value>
                <![CDATA[standard_user]]>
              </value>
            </param>
            <param index="1">
              <value>
                <![CDATA[secret_sauce]]>
              </value>
            </param>
          </params>
          <reporter-output>
          </reporter-output>
        </test-method> <!-- validateTestData -->
        <test-method status="PASS" signature="tearDown()[pri:0, instance:ca.aeq.automation.sauce.test.LoginPageTest@589838eb]" name="tearDown" is-config="true" duration-ms="701" started-at="2019-04-23T03:38:16Z" finished-at="2019-04-23T03:38:17Z">
          <reporter-output>
          </reporter-output>
        </test-method> <!-- tearDown -->
        <test-method status="PASS" signature="setUp(java.lang.String)[pri:0, instance:ca.aeq.automation.sauce.test.LoginPageTest@589838eb]" name="setUp" is-config="true" duration-ms="4159" started-at="2019-04-23T03:38:17Z" finished-at="2019-04-23T03:38:21Z">
          <params>
            <param index="0">
              <value>
                <![CDATA[chrome]]>
              </value>
            </param>
          </params>
          <reporter-output>
          </reporter-output>
        </test-method> <!-- setUp -->
        <test-method status="FAIL" signature="validateTestData(java.lang.String, java.lang.String)[pri:0, instance:ca.aeq.automation.sauce.test.LoginPageTest@589838eb]" name="validateTestData" duration-ms="393" started-at="2019-04-23T03:38:21Z" data-provider="getLoginTestData" finished-at="2019-04-23T03:38:22Z">
          <params>
            <param index="0">
              <value>
                <![CDATA[invalid]]>
              </value>
            </param>
            <param index="1">
              <value>
                <![CDATA[invalid]]>
              </value>
            </param>
          </params>
          <exception class="java.lang.AssertionError">
            <message>
              <![CDATA[Error while logging with userName invalid and password invalid expected [false] but found [true]]]>
            </message>
            <full-stacktrace>
              <![CDATA[java.lang.AssertionError: Error while logging with userName invalid and password invalid expected [false] but found [true]
at org.testng.Assert.fail(Assert.java:96)
at org.testng.Assert.failNotEquals(Assert.java:776)
at org.testng.Assert.assertFalse(Assert.java:65)
at ca.aeq.automation.sauce.test.LoginPageTest.validateTestData(LoginPageTest.java:73)
at sun.reflect.NativeMethodAccessorImpl.invoke0(Native Method)
at sun.reflect.NativeMethodAccessorImpl.invoke(Unknown Source)
at sun.reflect.DelegatingMethodAccessorImpl.invoke(Unknown Source)
at java.lang.reflect.Method.invoke(Unknown Source)
at org.testng.internal.MethodInvocationHelper.invokeMethod(MethodInvocationHelper.java:124)
at org.testng.internal.Invoker.invokeMethod(Invoker.java:580)
at org.testng.internal.Invoker.invokeTestMethod(Invoker.java:716)
at org.testng.internal.Invoker.invokeTestMethods(Invoker.java:988)
at org.testng.internal.TestMethodWorker.invokeTestMethods(TestMethodWorker.java:125)
at org.testng.internal.TestMethodWorker.run(TestMethodWorker.java:109)
at org.testng.TestRunner.privateRun(TestRunner.java:648)
at org.testng.TestRunner.run(TestRunner.java:505)
at org.testng.SuiteRunner.runTest(SuiteRunner.java:455)
at org.testng.SuiteRunner.runSequentially(SuiteRunner.java:450)
at org.testng.SuiteRunner.privateRun(SuiteRunner.java:415)
at org.testng.SuiteRunner.run(SuiteRunner.java:364)
at org.testng.SuiteRunnerWorker.runSuite(SuiteRunnerWorker.java:52)
at org.testng.SuiteRunnerWorker.run(SuiteRunnerWorker.java:84)
at org.testng.TestNG.runSuitesSequentially(TestNG.java:1208)
at org.testng.TestNG.runSuitesLocally(TestNG.java:1137)
at org.testng.TestNG.runSuites(TestNG.java:1049)
at org.testng.TestNG.run(TestNG.java:1017)
at org.testng.remote.AbstractRemoteTestNG.run(AbstractRemoteTestNG.java:114)
at org.testng.remote.RemoteTestNG.initAndRun(RemoteTestNG.java:251)
at org.testng.remote.RemoteTestNG.main(RemoteTestNG.java:77)
]]>
            </full-stacktrace>
          </exception> <!-- java.lang.AssertionError -->
          <reporter-output>
          </reporter-output>
        </test-method> <!-- validateTestData -->
        <test-method status="PASS" signature="tearDown()[pri:0, instance:ca.aeq.automation.sauce.test.LoginPageTest@589838eb]" name="tearDown" is-config="true" duration-ms="756" started-at="2019-04-23T03:38:22Z" finished-at="2019-04-23T03:38:23Z">
          <reporter-output>
          </reporter-output>
        </test-method> <!-- tearDown -->
        <test-method status="PASS" signature="setUp(java.lang.String)[pri:0, instance:ca.aeq.automation.sauce.test.LoginPageTest@589838eb]" name="setUp" is-config="true" duration-ms="4035" started-at="2019-04-23T03:38:23Z" finished-at="2019-04-23T03:38:27Z">
          <params>
            <param index="0">
              <value>
                <![CDATA[chrome]]>
              </value>
            </param>
          </params>
          <reporter-output>
          </reporter-output>
        </test-method> <!-- setUp -->
        <test-method status="FAIL" signature="validateTestData(java.lang.String, java.lang.String)[pri:0, instance:ca.aeq.automation.sauce.test.LoginPageTest@589838eb]" name="validateTestData" duration-ms="382" started-at="2019-04-23T03:38:27Z" data-provider="getLoginTestData" finished-at="2019-04-23T03:38:27Z">
          <params>
            <param index="0">
              <value>
                <![CDATA[]]>
              </value>
            </param>
            <param index="1">
              <value>
                <![CDATA[]]>
              </value>
            </param>
          </params>
          <exception class="java.lang.AssertionError">
            <message>
              <![CDATA[Error while logging with userName  and password  expected [false] but found [true]]]>
            </message>
            <full-stacktrace>
              <![CDATA[java.lang.AssertionError: Error while logging with userName  and password  expected [false] but found [true]
at org.testng.Assert.fail(Assert.java:96)
at org.testng.Assert.failNotEquals(Assert.java:776)
at org.testng.Assert.assertFalse(Assert.java:65)
at ca.aeq.automation.sauce.test.LoginPageTest.validateTestData(LoginPageTest.java:73)
at sun.reflect.NativeMethodAccessorImpl.invoke0(Native Method)
at sun.reflect.NativeMethodAccessorImpl.invoke(Unknown Source)
at sun.reflect.DelegatingMethodAccessorImpl.invoke(Unknown Source)
at java.lang.reflect.Method.invoke(Unknown Source)
at org.testng.internal.MethodInvocationHelper.invokeMethod(MethodInvocationHelper.java:124)
at org.testng.internal.Invoker.invokeMethod(Invoker.java:580)
at org.testng.internal.Invoker.invokeTestMethod(Invoker.java:716)
at org.testng.internal.Invoker.invokeTestMethods(Invoker.java:988)
at org.testng.internal.TestMethodWorker.invokeTestMethods(TestMethodWorker.java:125)
at org.testng.internal.TestMethodWorker.run(TestMethodWorker.java:109)
at org.testng.TestRunner.privateRun(TestRunner.java:648)
at org.testng.TestRunner.run(TestRunner.java:505)
at org.testng.SuiteRunner.runTest(SuiteRunner.java:455)
at org.testng.SuiteRunner.runSequentially(SuiteRunner.java:450)
at org.testng.SuiteRunner.privateRun(SuiteRunner.java:415)
at org.testng.SuiteRunner.run(SuiteRunner.java:364)
at org.testng.SuiteRunnerWorker.runSuite(SuiteRunnerWorker.java:52)
at org.testng.SuiteRunnerWorker.run(SuiteRunnerWorker.java:84)
at org.testng.TestNG.runSuitesSequentially(TestNG.java:1208)
at org.testng.TestNG.runSuitesLocally(TestNG.java:1137)
at org.testng.TestNG.runSuites(TestNG.java:1049)
at org.testng.TestNG.run(TestNG.java:1017)
at org.testng.remote.AbstractRemoteTestNG.run(AbstractRemoteTestNG.java:114)
at org.testng.remote.RemoteTestNG.initAndRun(RemoteTestNG.java:251)
at org.testng.remote.RemoteTestNG.main(RemoteTestNG.java:77)
]]>
            </full-stacktrace>
          </exception> <!-- java.lang.AssertionError -->
          <reporter-output>
          </reporter-output>
        </test-method> <!-- validateTestData -->
        <test-method status="PASS" signature="tearDown()[pri:0, instance:ca.aeq.automation.sauce.test.LoginPageTest@589838eb]" name="tearDown" is-config="true" duration-ms="779" started-at="2019-04-23T03:38:28Z" finished-at="2019-04-23T03:38:28Z">
          <reporter-output>
          </reporter-output>
        </test-method> <!-- tearDown -->
      </class> <!-- ca.aeq.automation.sauce.test.LoginPageTest -->
    </test> <!-- Sauce Test Cases -->
  </suite> <!-- Sauce Labs Automation Test Suite -->
</testng-results>
