<?xml version="1.0" encoding="UTF-8"?>
<!-- Generated by org.testng.reporters.JUnitXMLReporter -->
<testsuite hostname="DESKTOP-M9N782T" ignored="0" name="Sauce Test Cases" tests="10" failures="4" timestamp="23 Apr 2019 03:38:41 GMT" time="68.826" errors="0">
  <testcase name="botColumnLogoImgTest" time="0.093" classname="ca.aeq.automation.sauce.test.LoginPageTest"/>
  <testcase name="isFieldsDisplayed" time="0.142" classname="ca.aeq.automation.sauce.test.LoginPageTest"/>
  <testcase name="loginPageTest" time="0.017" classname="ca.aeq.automation.sauce.test.LoginPageTest"/>
  <testcase name="swagLogoImgTest" time="0.08" classname="ca.aeq.automation.sauce.test.LoginPageTest"/>
  <testcase name="validateTestData" time="0.493" classname="ca.aeq.automation.sauce.test.LoginPageTest">
    <failure type="java.lang.AssertionError" message="Error while logging with userName locked_out_user and password secret_sauce expected [false] but found [true]">
      <![CDATA[java.lang.AssertionError: Error while logging with userName locked_out_user and password secret_sauce expected [false] but found [true]
at ca.aeq.automation.sauce.test.LoginPageTest.validateTestData(LoginPageTest.java:73)
... Removed 28 stack frames]]>
    </failure>
  </testcase> <!-- validateTestData -->
  <testcase name="validateTestData" time="11.437" classname="ca.aeq.automation.sauce.test.LoginPageTest"/>
  <testcase name="validateTestData" time="0.393" classname="ca.aeq.automation.sauce.test.LoginPageTest">
    <failure type="java.lang.AssertionError" message="Error while logging with userName invalid and password invalid expected [false] but found [true]">
      <![CDATA[java.lang.AssertionError: Error while logging with userName invalid and password invalid expected [false] but found [true]
at ca.aeq.automation.sauce.test.LoginPageTest.validateTestData(LoginPageTest.java:73)
... Removed 28 stack frames]]>
    </failure>
  </testcase> <!-- validateTestData -->
  <testcase name="validateTestData" time="0.382" classname="ca.aeq.automation.sauce.test.LoginPageTest">
    <failure type="java.lang.AssertionError" message="Error while logging with userName  and password  expected [false] but found [true]">
      <![CDATA[java.lang.AssertionError: Error while logging with userName  and password  expected [false] but found [true]
at ca.aeq.automation.sauce.test.LoginPageTest.validateTestData(LoginPageTest.java:73)
... Removed 28 stack frames]]>
    </failure>
  </testcase> <!-- validateTestData -->
  <testcase name="verifyHomePageTitleTest" time="0.018" classname="ca.aeq.automation.sauce.test.HomePageTest"/>
  <testcase name="verifyInventoryItemImages" time="0.893" classname="ca.aeq.automation.sauce.test.HomePageTest">
    <failure type="java.lang.AssertionError" message="Inventory Item Iamges are not displayed expected [true] but found [false]">
      <![CDATA[java.lang.AssertionError: Inventory Item Iamges are not displayed expected [true] but found [false]
at ca.aeq.automation.sauce.test.HomePageTest.verifyInventoryItemImages(HomePageTest.java:45)
... Removed 28 stack frames]]>
    </failure>
  </testcase> <!-- verifyInventoryItemImages -->
</testsuite> <!-- Sauce Test Cases -->
